<?xml version="1.0" encoding="UTF-8"?>
<!-- Generated by org.testng.reporters.JUnitReportReporter -->
<testsuite skipped="0" hostname="ip-172-31-92-120" name="test.LoginTest" tests="2" failures="0" timestamp="2021-11-11T01:50:55 UTC" time="10.100" errors="0">
  <testcase name="PositiveLogin" time="4.913" classname="test.LoginTest"/>
  <system-out/>
  <testcase name="NegativeLogin" time="5.187" classname="test.LoginTest"/>
  <system-out/>
</testsuite> <!-- test.LoginTest -->
